<?xml version="1.0" encoding="UTF-8"?>
<!-- Generated by org.testng.reporters.JUnitReportReporter -->
<testsuite skipped="0" hostname="DESKTOP-G4453NC" name="sanity.GrafanaAPI" tests="4" failures="0" timestamp="2022-04-24T15:32:48 IDT" time="2.983" errors="0">
  <testcase name="test03_updateTeamAndVerify" time="0.207" classname="sanity.GrafanaAPI"/>
  <testcase name="test01_verifyTeam" time="2.355" classname="sanity.GrafanaAPI"/>
  <testcase name="test04_deleteTeamAndVerify" time="0.293" classname="sanity.GrafanaAPI"/>
  <testcase name="test02_addTeamAndVerify" time="0.128" classname="sanity.GrafanaAPI"/>
</testsuite> <!-- sanity.GrafanaAPI -->
